Analysis & Synthesis report for FFT_engine
Tue Jan 28 05:16:41 2025
Quartus II Version 9.0 Build 132 02/25/2009 SJ Web Edition


---------------------
; Table of Contents ;
---------------------
  1. Legal Notice
  2. Analysis & Synthesis Summary
  3. Analysis & Synthesis Settings
  4. Analysis & Synthesis Source Files Read
  5. Analysis & Synthesis Resource Usage Summary
  6. Analysis & Synthesis Resource Utilization by Entity
  7. Analysis & Synthesis RAM Summary
  8. Analysis & Synthesis DSP Block Usage Summary
  9. Registers Removed During Synthesis
 10. General Register Statistics
 11. Multiplexer Restructuring Statistics (Restructuring Performed)
 12. Source assignments for altsyncram0:inst1|altsyncram:altsyncram_component|altsyncram_9ah2:auto_generated
 13. Source assignments for altsyncram0:inst2|altsyncram:altsyncram_component|altsyncram_9ah2:auto_generated
 14. Source assignments for altsyncram1:inst3|altsyncram:altsyncram_component|altsyncram_7p91:auto_generated
 15. Parameter Settings for User Entity Instance: Loadunload:inst
 16. Parameter Settings for User Entity Instance: Loadunload:inst|LPM_MULT:r1
 17. Parameter Settings for User Entity Instance: Loadunload:inst|LPM_MULT:r2
 18. Parameter Settings for User Entity Instance: Loadunload:inst|LPM_MULT:r3
 19. Parameter Settings for User Entity Instance: Loadunload:inst|LPM_MULT:r4
 20. Parameter Settings for User Entity Instance: altsyncram0:inst1|altsyncram:altsyncram_component
 21. Parameter Settings for User Entity Instance: altsyncram0:inst2|altsyncram:altsyncram_component
 22. Parameter Settings for User Entity Instance: altsyncram1:inst3|altsyncram:altsyncram_component
 23. lpm_mult Parameter Settings by Entity Instance
 24. altsyncram Parameter Settings by Entity Instance
 25. Analysis & Synthesis Messages



----------------
; Legal Notice ;
----------------
Copyright (C) 1991-2009 Altera Corporation
Your use of Altera Corporation's design tools, logic functions 
and other software and tools, and its AMPP partner logic 
functions, and any output files from any of the foregoing 
(including device programming or simulation files), and any 
associated documentation or information are expressly subject 
to the terms and conditions of the Altera Program License 
Subscription Agreement, Altera MegaCore Function License 
Agreement, or other applicable license agreement, including, 
without limitation, that your use is for the sole purpose of 
programming logic devices manufactured by Altera and sold by 
Altera or its authorized distributors.  Please refer to the 
applicable agreement for further details.



+------------------------------------------------------------------------------+
; Analysis & Synthesis Summary                                                 ;
+------------------------------------+-----------------------------------------+
; Analysis & Synthesis Status        ; Successful - Tue Jan 28 05:16:41 2025   ;
; Quartus II Version                 ; 9.0 Build 132 02/25/2009 SJ Web Edition ;
; Revision Name                      ; FFT_engine                              ;
; Top-level Entity Name              ; FFT_engine                              ;
; Family                             ; Cyclone III                             ;
; Total logic elements               ; 401                                     ;
;     Total combinational functions  ; 175                                     ;
;     Dedicated logic registers      ; 382                                     ;
; Total registers                    ; 382                                     ;
; Total pins                         ; 51                                      ;
; Total virtual pins                 ; 0                                       ;
; Total memory bits                  ; 1,440                                   ;
; Embedded Multiplier 9-bit elements ; 4                                       ;
; Total PLLs                         ; 0                                       ;
+------------------------------------+-----------------------------------------+


+----------------------------------------------------------------------------------------------------------+
; Analysis & Synthesis Settings                                                                            ;
+----------------------------------------------------------------+--------------------+--------------------+
; Option                                                         ; Setting            ; Default Value      ;
+----------------------------------------------------------------+--------------------+--------------------+
; Device                                                         ; EP3C25E144I7       ;                    ;
; Top-level entity name                                          ; FFT_engine         ; FFT_engine         ;
; Family name                                                    ; Cyclone III        ; Stratix II         ;
; Use Generated Physical Constraints File                        ; Off                ;                    ;
; Use smart compilation                                          ; Off                ; Off                ;
; Restructure Multiplexers                                       ; Auto               ; Auto               ;
; Create Debugging Nodes for IP Cores                            ; Off                ; Off                ;
; Preserve fewer node names                                      ; On                 ; On                 ;
; Disable OpenCore Plus hardware evaluation                      ; Off                ; Off                ;
; Verilog Version                                                ; Verilog_2001       ; Verilog_2001       ;
; VHDL Version                                                   ; VHDL93             ; VHDL93             ;
; State Machine Processing                                       ; Auto               ; Auto               ;
; Safe State Machine                                             ; Off                ; Off                ;
; Extract Verilog State Machines                                 ; On                 ; On                 ;
; Extract VHDL State Machines                                    ; On                 ; On                 ;
; Ignore Verilog initial constructs                              ; Off                ; Off                ;
; Iteration limit for constant Verilog loops                     ; 5000               ; 5000               ;
; Iteration limit for non-constant Verilog loops                 ; 250                ; 250                ;
; Add Pass-Through Logic to Inferred RAMs                        ; On                 ; On                 ;
; Parallel Synthesis                                             ; Off                ; Off                ;
; DSP Block Balancing                                            ; Auto               ; Auto               ;
; NOT Gate Push-Back                                             ; On                 ; On                 ;
; Power-Up Don't Care                                            ; On                 ; On                 ;
; Remove Redundant Logic Cells                                   ; Off                ; Off                ;
; Remove Duplicate Registers                                     ; On                 ; On                 ;
; Ignore CARRY Buffers                                           ; Off                ; Off                ;
; Ignore CASCADE Buffers                                         ; Off                ; Off                ;
; Ignore GLOBAL Buffers                                          ; Off                ; Off                ;
; Ignore ROW GLOBAL Buffers                                      ; Off                ; Off                ;
; Ignore LCELL Buffers                                           ; Off                ; Off                ;
; Ignore SOFT Buffers                                            ; On                 ; On                 ;
; Limit AHDL Integers to 32 Bits                                 ; Off                ; Off                ;
; Optimization Technique                                         ; Balanced           ; Balanced           ;
; Carry Chain Length                                             ; 70                 ; 70                 ;
; Auto Carry Chains                                              ; On                 ; On                 ;
; Auto Open-Drain Pins                                           ; On                 ; On                 ;
; Perform WYSIWYG Primitive Resynthesis                          ; Off                ; Off                ;
; Auto ROM Replacement                                           ; On                 ; On                 ;
; Auto RAM Replacement                                           ; On                 ; On                 ;
; Auto DSP Block Replacement                                     ; On                 ; On                 ;
; Auto Shift Register Replacement                                ; Auto               ; Auto               ;
; Auto Clock Enable Replacement                                  ; On                 ; On                 ;
; Strict RAM Replacement                                         ; Off                ; Off                ;
; Allow Synchronous Control Signals                              ; On                 ; On                 ;
; Force Use of Synchronous Clear Signals                         ; Off                ; Off                ;
; Auto RAM Block Balancing                                       ; On                 ; On                 ;
; Auto RAM to Logic Cell Conversion                              ; Off                ; Off                ;
; Auto Resource Sharing                                          ; Off                ; Off                ;
; Allow Any RAM Size For Recognition                             ; Off                ; Off                ;
; Allow Any ROM Size For Recognition                             ; Off                ; Off                ;
; Allow Any Shift Register Size For Recognition                  ; Off                ; Off                ;
; Use LogicLock Constraints during Resource Balancing            ; On                 ; On                 ;
; Ignore translate_off and synthesis_off directives              ; Off                ; Off                ;
; Timing-Driven Synthesis                                        ; Off                ; Off                ;
; Show Parameter Settings Tables in Synthesis Report             ; On                 ; On                 ;
; Ignore Maximum Fan-Out Assignments                             ; Off                ; Off                ;
; Synchronization Register Chain Length                          ; 2                  ; 2                  ;
; PowerPlay Power Optimization                                   ; Normal compilation ; Normal compilation ;
; HDL message level                                              ; Level2             ; Level2             ;
; Suppress Register Optimization Related Messages                ; Off                ; Off                ;
; Number of Removed Registers Reported in Synthesis Report       ; 100                ; 100                ;
; Number of Inverted Registers Reported in Synthesis Report      ; 100                ; 100                ;
; Clock MUX Protection                                           ; On                 ; On                 ;
; Auto Gated Clock Conversion                                    ; Off                ; Off                ;
; Block Design Naming                                            ; Auto               ; Auto               ;
; SDC constraint protection                                      ; Off                ; Off                ;
; Synthesis Effort                                               ; Auto               ; Auto               ;
; Allows Asynchronous Clear Usage For Shift Register Replacement ; On                 ; On                 ;
; Analysis & Synthesis Message Level                             ; Medium             ; Medium             ;
+----------------------------------------------------------------+--------------------+--------------------+


+--------------------------------------------------------------------------------------------------------------------------------------------------------------+
; Analysis & Synthesis Source Files Read                                                                                                                       ;
+----------------------------------+-----------------+------------------------------------+--------------------------------------------------------------------+
; File Name with User-Entered Path ; Used in Netlist ; File Type                          ; File Name with Absolute Path                                       ;
+----------------------------------+-----------------+------------------------------------+--------------------------------------------------------------------+
; Loadunload.vhd                   ; yes             ; User VHDL File                     ; D:/0 WORK/Quartus 9.0 Project/FFT_engine/Loadunload.vhd            ;
; FFT_engine.bdf                   ; yes             ; User Block Diagram/Schematic File  ; D:/0 WORK/Quartus 9.0 Project/FFT_engine/FFT_engine.bdf            ;
; altsyncram0.vhd                  ; yes             ; User Wizard-Generated File         ; D:/0 WORK/Quartus 9.0 Project/FFT_engine/altsyncram0.vhd           ;
; altsyncram1.vhd                  ; yes             ; User Wizard-Generated File         ; D:/0 WORK/Quartus 9.0 Project/FFT_engine/altsyncram1.vhd           ;
; LPM_MULT.tdf                     ; yes             ; Megafunction                       ; c:/altera/90/quartus/libraries/megafunctions/LPM_MULT.tdf          ;
; aglobal90.inc                    ; yes             ; Megafunction                       ; c:/altera/90/quartus/libraries/megafunctions/aglobal90.inc         ;
; lpm_add_sub.inc                  ; yes             ; Megafunction                       ; c:/altera/90/quartus/libraries/megafunctions/lpm_add_sub.inc       ;
; multcore.inc                     ; yes             ; Megafunction                       ; c:/altera/90/quartus/libraries/megafunctions/multcore.inc          ;
; bypassff.inc                     ; yes             ; Megafunction                       ; c:/altera/90/quartus/libraries/megafunctions/bypassff.inc          ;
; altshift.inc                     ; yes             ; Megafunction                       ; c:/altera/90/quartus/libraries/megafunctions/altshift.inc          ;
; db/mult_flo.tdf                  ; yes             ; Auto-Generated Megafunction        ; D:/0 WORK/Quartus 9.0 Project/FFT_engine/db/mult_flo.tdf           ;
; altsyncram.tdf                   ; yes             ; Megafunction                       ; c:/altera/90/quartus/libraries/megafunctions/altsyncram.tdf        ;
; stratix_ram_block.inc            ; yes             ; Megafunction                       ; c:/altera/90/quartus/libraries/megafunctions/stratix_ram_block.inc ;
; lpm_mux.inc                      ; yes             ; Megafunction                       ; c:/altera/90/quartus/libraries/megafunctions/lpm_mux.inc           ;
; lpm_decode.inc                   ; yes             ; Megafunction                       ; c:/altera/90/quartus/libraries/megafunctions/lpm_decode.inc        ;
; a_rdenreg.inc                    ; yes             ; Megafunction                       ; c:/altera/90/quartus/libraries/megafunctions/a_rdenreg.inc         ;
; altrom.inc                       ; yes             ; Megafunction                       ; c:/altera/90/quartus/libraries/megafunctions/altrom.inc            ;
; altram.inc                       ; yes             ; Megafunction                       ; c:/altera/90/quartus/libraries/megafunctions/altram.inc            ;
; altdpram.inc                     ; yes             ; Megafunction                       ; c:/altera/90/quartus/libraries/megafunctions/altdpram.inc          ;
; altqpram.inc                     ; yes             ; Megafunction                       ; c:/altera/90/quartus/libraries/megafunctions/altqpram.inc          ;
; db/altsyncram_9ah2.tdf           ; yes             ; Auto-Generated Megafunction        ; D:/0 WORK/Quartus 9.0 Project/FFT_engine/db/altsyncram_9ah2.tdf    ;
; db/altsyncram_7p91.tdf           ; yes             ; Auto-Generated Megafunction        ; D:/0 WORK/Quartus 9.0 Project/FFT_engine/db/altsyncram_7p91.tdf    ;
+----------------------------------+-----------------+------------------------------------+--------------------------------------------------------------------+


+---------------------------------------------------------+
; Analysis & Synthesis Resource Usage Summary             ;
+---------------------------------------------+-----------+
; Resource                                    ; Usage     ;
+---------------------------------------------+-----------+
; Estimated Total logic elements              ; 401       ;
;                                             ;           ;
; Total combinational functions               ; 175       ;
; Logic element usage by number of LUT inputs ;           ;
;     -- 4 input functions                    ; 19        ;
;     -- 3 input functions                    ; 129       ;
;     -- <=2 input functions                  ; 27        ;
;                                             ;           ;
; Logic elements by mode                      ;           ;
;     -- normal mode                          ; 119       ;
;     -- arithmetic mode                      ; 56        ;
;                                             ;           ;
; Total registers                             ; 382       ;
;     -- Dedicated logic registers            ; 382       ;
;     -- I/O registers                        ; 0         ;
;                                             ;           ;
; I/O pins                                    ; 51        ;
; Total memory bits                           ; 1440      ;
; Embedded Multiplier 9-bit elements          ; 4         ;
; Maximum fan-out node                        ; clk~input ;
; Maximum fan-out                             ; 440       ;
; Total fan-out                               ; 2297      ;
; Average fan-out                             ; 3.19      ;
+---------------------------------------------+-----------+


+---------------------------------------------------------------------------------------------------------------------------------------------------------------------------------------------------------------------------------------------------------------------+
; Analysis & Synthesis Resource Utilization by Entity                                                                                                                                                                                                                 ;
+-------------------------------------------+-------------------+--------------+-------------+--------------+---------+-----------+------+--------------+----------------------------------------------------------------------------------------------+--------------+
; Compilation Hierarchy Node                ; LC Combinationals ; LC Registers ; Memory Bits ; DSP Elements ; DSP 9x9 ; DSP 18x18 ; Pins ; Virtual Pins ; Full Hierarchy Name                                                                          ; Library Name ;
+-------------------------------------------+-------------------+--------------+-------------+--------------+---------+-----------+------+--------------+----------------------------------------------------------------------------------------------+--------------+
; |FFT_engine                               ; 175 (1)           ; 382 (0)      ; 1440        ; 4            ; 4       ; 0         ; 51   ; 0            ; |FFT_engine                                                                                  ; work         ;
;    |Loadunload:inst|                      ; 174 (174)         ; 382 (382)    ; 0           ; 4            ; 4       ; 0         ; 0    ; 0            ; |FFT_engine|Loadunload:inst                                                                  ; work         ;
;       |lpm_mult:r1|                       ; 0 (0)             ; 0 (0)        ; 0           ; 1            ; 1       ; 0         ; 0    ; 0            ; |FFT_engine|Loadunload:inst|lpm_mult:r1                                                      ; work         ;
;          |mult_flo:auto_generated|        ; 0 (0)             ; 0 (0)        ; 0           ; 1            ; 1       ; 0         ; 0    ; 0            ; |FFT_engine|Loadunload:inst|lpm_mult:r1|mult_flo:auto_generated                              ; work         ;
;       |lpm_mult:r2|                       ; 0 (0)             ; 0 (0)        ; 0           ; 1            ; 1       ; 0         ; 0    ; 0            ; |FFT_engine|Loadunload:inst|lpm_mult:r2                                                      ; work         ;
;          |mult_flo:auto_generated|        ; 0 (0)             ; 0 (0)        ; 0           ; 1            ; 1       ; 0         ; 0    ; 0            ; |FFT_engine|Loadunload:inst|lpm_mult:r2|mult_flo:auto_generated                              ; work         ;
;       |lpm_mult:r3|                       ; 0 (0)             ; 0 (0)        ; 0           ; 1            ; 1       ; 0         ; 0    ; 0            ; |FFT_engine|Loadunload:inst|lpm_mult:r3                                                      ; work         ;
;          |mult_flo:auto_generated|        ; 0 (0)             ; 0 (0)        ; 0           ; 1            ; 1       ; 0         ; 0    ; 0            ; |FFT_engine|Loadunload:inst|lpm_mult:r3|mult_flo:auto_generated                              ; work         ;
;       |lpm_mult:r4|                       ; 0 (0)             ; 0 (0)        ; 0           ; 1            ; 1       ; 0         ; 0    ; 0            ; |FFT_engine|Loadunload:inst|lpm_mult:r4                                                      ; work         ;
;          |mult_flo:auto_generated|        ; 0 (0)             ; 0 (0)        ; 0           ; 1            ; 1       ; 0         ; 0    ; 0            ; |FFT_engine|Loadunload:inst|lpm_mult:r4|mult_flo:auto_generated                              ; work         ;
;    |altsyncram0:inst1|                    ; 0 (0)             ; 0 (0)        ; 576         ; 0            ; 0       ; 0         ; 0    ; 0            ; |FFT_engine|altsyncram0:inst1                                                                ; work         ;
;       |altsyncram:altsyncram_component|   ; 0 (0)             ; 0 (0)        ; 576         ; 0            ; 0       ; 0         ; 0    ; 0            ; |FFT_engine|altsyncram0:inst1|altsyncram:altsyncram_component                                ; work         ;
;          |altsyncram_9ah2:auto_generated| ; 0 (0)             ; 0 (0)        ; 576         ; 0            ; 0       ; 0         ; 0    ; 0            ; |FFT_engine|altsyncram0:inst1|altsyncram:altsyncram_component|altsyncram_9ah2:auto_generated ; work         ;
;    |altsyncram0:inst2|                    ; 0 (0)             ; 0 (0)        ; 576         ; 0            ; 0       ; 0         ; 0    ; 0            ; |FFT_engine|altsyncram0:inst2                                                                ; work         ;
;       |altsyncram:altsyncram_component|   ; 0 (0)             ; 0 (0)        ; 576         ; 0            ; 0       ; 0         ; 0    ; 0            ; |FFT_engine|altsyncram0:inst2|altsyncram:altsyncram_component                                ; work         ;
;          |altsyncram_9ah2:auto_generated| ; 0 (0)             ; 0 (0)        ; 576         ; 0            ; 0       ; 0         ; 0    ; 0            ; |FFT_engine|altsyncram0:inst2|altsyncram:altsyncram_component|altsyncram_9ah2:auto_generated ; work         ;
;    |altsyncram1:inst3|                    ; 0 (0)             ; 0 (0)        ; 288         ; 0            ; 0       ; 0         ; 0    ; 0            ; |FFT_engine|altsyncram1:inst3                                                                ; work         ;
;       |altsyncram:altsyncram_component|   ; 0 (0)             ; 0 (0)        ; 288         ; 0            ; 0       ; 0         ; 0    ; 0            ; |FFT_engine|altsyncram1:inst3|altsyncram:altsyncram_component                                ; work         ;
;          |altsyncram_7p91:auto_generated| ; 0 (0)             ; 0 (0)        ; 288         ; 0            ; 0       ; 0         ; 0    ; 0            ; |FFT_engine|altsyncram1:inst3|altsyncram:altsyncram_component|altsyncram_7p91:auto_generated ; work         ;
+-------------------------------------------+-------------------+--------------+-------------+--------------+---------+-----------+------+--------------+----------------------------------------------------------------------------------------------+--------------+
Note: For table entries with two numbers listed, the numbers in parentheses indicate the number of resources of the given type used by the specific entity alone. The numbers listed outside of parentheses indicate the total resources of the given type used by the specific entity and all of its sub-entities in the hierarchy.


+--------------------------------------------------------------------------------------------------------------------------------------------------------------------------------------------------+
; Analysis & Synthesis RAM Summary                                                                                                                                                                 ;
+---------------------------------------------------------------------------------------------+------+----------------+--------------+--------------+--------------+--------------+------+---------+
; Name                                                                                        ; Type ; Mode           ; Port A Depth ; Port A Width ; Port B Depth ; Port B Width ; Size ; MIF     ;
+---------------------------------------------------------------------------------------------+------+----------------+--------------+--------------+--------------+--------------+------+---------+
; altsyncram0:inst1|altsyncram:altsyncram_component|altsyncram_9ah2:auto_generated|ALTSYNCRAM ; AUTO ; True Dual Port ; 32           ; 18           ; 32           ; 18           ; 576  ; None    ;
; altsyncram0:inst2|altsyncram:altsyncram_component|altsyncram_9ah2:auto_generated|ALTSYNCRAM ; AUTO ; True Dual Port ; 32           ; 18           ; 32           ; 18           ; 576  ; None    ;
; altsyncram1:inst3|altsyncram:altsyncram_component|altsyncram_7p91:auto_generated|ALTSYNCRAM ; AUTO ; ROM            ; 16           ; 18           ; --           ; --           ; 288  ; W32.mif ;
+---------------------------------------------------------------------------------------------+------+----------------+--------------+--------------+--------------+--------------+------+---------+


+-----------------------------------------------------+
; Analysis & Synthesis DSP Block Usage Summary        ;
+---------------------------------------+-------------+
; Statistic                             ; Number Used ;
+---------------------------------------+-------------+
; Simple Multipliers (9-bit)            ; 4           ;
; Simple Multipliers (18-bit)           ; 0           ;
; Embedded Multiplier Blocks            ; --          ;
; Embedded Multiplier 9-bit elements    ; 4           ;
; Signed Embedded Multipliers           ; 4           ;
; Unsigned Embedded Multipliers         ; 0           ;
; Mixed Sign Embedded Multipliers       ; 0           ;
; Variable Sign Embedded Multipliers    ; 0           ;
; Dedicated Input Shift Register Chains ; 0           ;
+---------------------------------------+-------------+
Note: number of Embedded Multiplier Blocks used is only available after a successful fit.


+------------------------------------------------------------------------------+
; Registers Removed During Synthesis                                           ;
+----------------------------------------+-------------------------------------+
; Register name                          ; Reason for Removal                  ;
+----------------------------------------+-------------------------------------+
; Loadunload:inst|xbQ[9]                 ; Merged with Loadunload:inst|xbQ[8]  ;
; Loadunload:inst|xbI[9]                 ; Merged with Loadunload:inst|xbI[8]  ;
; Loadunload:inst|xaQ[9]                 ; Merged with Loadunload:inst|xaQ[8]  ;
; Loadunload:inst|xaI[9]                 ; Merged with Loadunload:inst|xaI[8]  ;
; Loadunload:inst|RA_a[1]                ; Merged with Loadunload:inst|RB_a[1] ;
; Loadunload:inst|RA_a[2]                ; Merged with Loadunload:inst|RB_a[2] ;
; Loadunload:inst|RA_a[3]                ; Merged with Loadunload:inst|RB_a[3] ;
; Loadunload:inst|LA_a[1]                ; Merged with Loadunload:inst|LB_a[1] ;
; Loadunload:inst|LA_a[2]                ; Merged with Loadunload:inst|LB_a[2] ;
; Loadunload:inst|LA_a[3]                ; Merged with Loadunload:inst|LB_a[3] ;
; Total Number of Removed Registers = 10 ;                                     ;
+----------------------------------------+-------------------------------------+


+------------------------------------------------------+
; General Register Statistics                          ;
+----------------------------------------------+-------+
; Statistic                                    ; Value ;
+----------------------------------------------+-------+
; Total registers                              ; 382   ;
; Number of registers using Synchronous Clear  ; 8     ;
; Number of registers using Synchronous Load   ; 2     ;
; Number of registers using Asynchronous Clear ; 0     ;
; Number of registers using Asynchronous Load  ; 0     ;
; Number of registers using Clock Enable       ; 244   ;
; Number of registers using Preset             ; 0     ;
+----------------------------------------------+-------+


+---------------------------------------------------------------------------------------------------------------------------------------------------+
; Multiplexer Restructuring Statistics (Restructuring Performed)                                                                                    ;
+--------------------+-----------+---------------+----------------------+------------------------+------------+-------------------------------------+
; Multiplexer Inputs ; Bus Width ; Baseline Area ; Area if Restructured ; Saving if Restructured ; Registered ; Example Multiplexer Output          ;
+--------------------+-----------+---------------+----------------------+------------------------+------------+-------------------------------------+
; 3:1                ; 23 bits   ; 46 LEs        ; 23 LEs               ; 23 LEs                 ; Yes        ; |FFT_engine|Loadunload:inst|LAd[13] ;
; 8:1                ; 4 bits    ; 20 LEs        ; 12 LEs               ; 8 LEs                  ; Yes        ; |FFT_engine|Loadunload:inst|wmax[1] ;
+--------------------+-----------+---------------+----------------------+------------------------+------------+-------------------------------------+


+---------------------------------------------------------------------------------------------------------+
; Source assignments for altsyncram0:inst1|altsyncram:altsyncram_component|altsyncram_9ah2:auto_generated ;
+---------------------------------+--------------------+------+-------------------------------------------+
; Assignment                      ; Value              ; From ; To                                        ;
+---------------------------------+--------------------+------+-------------------------------------------+
; OPTIMIZE_POWER_DURING_SYNTHESIS ; NORMAL_COMPILATION ; -    ; -                                         ;
+---------------------------------+--------------------+------+-------------------------------------------+


+---------------------------------------------------------------------------------------------------------+
; Source assignments for altsyncram0:inst2|altsyncram:altsyncram_component|altsyncram_9ah2:auto_generated ;
+---------------------------------+--------------------+------+-------------------------------------------+
; Assignment                      ; Value              ; From ; To                                        ;
+---------------------------------+--------------------+------+-------------------------------------------+
; OPTIMIZE_POWER_DURING_SYNTHESIS ; NORMAL_COMPILATION ; -    ; -                                         ;
+---------------------------------+--------------------+------+-------------------------------------------+


+---------------------------------------------------------------------------------------------------------+
; Source assignments for altsyncram1:inst3|altsyncram:altsyncram_component|altsyncram_7p91:auto_generated ;
+---------------------------------+--------------------+------+-------------------------------------------+
; Assignment                      ; Value              ; From ; To                                        ;
+---------------------------------+--------------------+------+-------------------------------------------+
; OPTIMIZE_POWER_DURING_SYNTHESIS ; NORMAL_COMPILATION ; -    ; -                                         ;
+---------------------------------+--------------------+------+-------------------------------------------+


+--------------------------------------------------------------+
; Parameter Settings for User Entity Instance: Loadunload:inst ;
+----------------+-------+-------------------------------------+
; Parameter Name ; Value ; Type                                ;
+----------------+-------+-------------------------------------+
; dw             ; 9     ; Signed Integer                      ;
+----------------+-------+-------------------------------------+
Note: In order to hide this table in the UI and the text report file, please set the "Show Parameter Settings Tables in Synthesis Report" option in "Analysis and Synthesis Settings -> More Settings" to "Off".


+------------------------------------------------------------------------------------+
; Parameter Settings for User Entity Instance: Loadunload:inst|LPM_MULT:r1           ;
+------------------------------------------------+-------------+---------------------+
; Parameter Name                                 ; Value       ; Type                ;
+------------------------------------------------+-------------+---------------------+
; AUTO_CARRY_CHAINS                              ; ON          ; AUTO_CARRY          ;
; IGNORE_CARRY_BUFFERS                           ; OFF         ; IGNORE_CARRY        ;
; AUTO_CASCADE_CHAINS                            ; ON          ; AUTO_CASCADE        ;
; IGNORE_CASCADE_BUFFERS                         ; OFF         ; IGNORE_CASCADE      ;
; LPM_WIDTHA                                     ; 9           ; Signed Integer      ;
; LPM_WIDTHB                                     ; 9           ; Signed Integer      ;
; LPM_WIDTHP                                     ; 18          ; Signed Integer      ;
; LPM_WIDTHR                                     ; 0           ; Untyped             ;
; LPM_WIDTHS                                     ; 1           ; Signed Integer      ;
; LPM_REPRESENTATION                             ; signed      ; Untyped             ;
; LPM_PIPELINE                                   ; 1           ; Signed Integer      ;
; LATENCY                                        ; 0           ; Untyped             ;
; INPUT_A_IS_CONSTANT                            ; NO          ; Untyped             ;
; INPUT_B_IS_CONSTANT                            ; NO          ; Untyped             ;
; USE_EAB                                        ; OFF         ; Untyped             ;
; MAXIMIZE_SPEED                                 ; 5           ; Untyped             ;
; DEVICE_FAMILY                                  ; Cyclone III ; Untyped             ;
; CARRY_CHAIN                                    ; MANUAL      ; Untyped             ;
; APEX20K_TECHNOLOGY_MAPPER                      ; LUT         ; TECH_MAPPER_APEX20K ;
; DEDICATED_MULTIPLIER_CIRCUITRY                 ; AUTO        ; Untyped             ;
; DEDICATED_MULTIPLIER_MIN_INPUT_WIDTH_FOR_AUTO  ; 0           ; Untyped             ;
; DEDICATED_MULTIPLIER_MIN_OUTPUT_WIDTH_FOR_AUTO ; 0           ; Untyped             ;
; CBXI_PARAMETER                                 ; mult_flo    ; Untyped             ;
; INPUT_A_FIXED_VALUE                            ; Bx          ; Untyped             ;
; INPUT_B_FIXED_VALUE                            ; Bx          ; Untyped             ;
; USE_AHDL_IMPLEMENTATION                        ; OFF         ; Untyped             ;
+------------------------------------------------+-------------+---------------------+
Note: In order to hide this table in the UI and the text report file, please set the "Show Parameter Settings Tables in Synthesis Report" option in "Analysis and Synthesis Settings -> More Settings" to "Off".


+------------------------------------------------------------------------------------+
; Parameter Settings for User Entity Instance: Loadunload:inst|LPM_MULT:r2           ;
+------------------------------------------------+-------------+---------------------+
; Parameter Name                                 ; Value       ; Type                ;
+------------------------------------------------+-------------+---------------------+
; AUTO_CARRY_CHAINS                              ; ON          ; AUTO_CARRY          ;
; IGNORE_CARRY_BUFFERS                           ; OFF         ; IGNORE_CARRY        ;
; AUTO_CASCADE_CHAINS                            ; ON          ; AUTO_CASCADE        ;
; IGNORE_CASCADE_BUFFERS                         ; OFF         ; IGNORE_CASCADE      ;
; LPM_WIDTHA                                     ; 9           ; Signed Integer      ;
; LPM_WIDTHB                                     ; 9           ; Signed Integer      ;
; LPM_WIDTHP                                     ; 18          ; Signed Integer      ;
; LPM_WIDTHR                                     ; 0           ; Untyped             ;
; LPM_WIDTHS                                     ; 1           ; Signed Integer      ;
; LPM_REPRESENTATION                             ; signed      ; Untyped             ;
; LPM_PIPELINE                                   ; 1           ; Signed Integer      ;
; LATENCY                                        ; 0           ; Untyped             ;
; INPUT_A_IS_CONSTANT                            ; NO          ; Untyped             ;
; INPUT_B_IS_CONSTANT                            ; NO          ; Untyped             ;
; USE_EAB                                        ; OFF         ; Untyped             ;
; MAXIMIZE_SPEED                                 ; 5           ; Untyped             ;
; DEVICE_FAMILY                                  ; Cyclone III ; Untyped             ;
; CARRY_CHAIN                                    ; MANUAL      ; Untyped             ;
; APEX20K_TECHNOLOGY_MAPPER                      ; LUT         ; TECH_MAPPER_APEX20K ;
; DEDICATED_MULTIPLIER_CIRCUITRY                 ; AUTO        ; Untyped             ;
; DEDICATED_MULTIPLIER_MIN_INPUT_WIDTH_FOR_AUTO  ; 0           ; Untyped             ;
; DEDICATED_MULTIPLIER_MIN_OUTPUT_WIDTH_FOR_AUTO ; 0           ; Untyped             ;
; CBXI_PARAMETER                                 ; mult_flo    ; Untyped             ;
; INPUT_A_FIXED_VALUE                            ; Bx          ; Untyped             ;
; INPUT_B_FIXED_VALUE                            ; Bx          ; Untyped             ;
; USE_AHDL_IMPLEMENTATION                        ; OFF         ; Untyped             ;
+------------------------------------------------+-------------+---------------------+
Note: In order to hide this table in the UI and the text report file, please set the "Show Parameter Settings Tables in Synthesis Report" option in "Analysis and Synthesis Settings -> More Settings" to "Off".


+------------------------------------------------------------------------------------+
; Parameter Settings for User Entity Instance: Loadunload:inst|LPM_MULT:r3           ;
+------------------------------------------------+-------------+---------------------+
; Parameter Name                                 ; Value       ; Type                ;
+------------------------------------------------+-------------+---------------------+
; AUTO_CARRY_CHAINS                              ; ON          ; AUTO_CARRY          ;
; IGNORE_CARRY_BUFFERS                           ; OFF         ; IGNORE_CARRY        ;
; AUTO_CASCADE_CHAINS                            ; ON          ; AUTO_CASCADE        ;
; IGNORE_CASCADE_BUFFERS                         ; OFF         ; IGNORE_CASCADE      ;
; LPM_WIDTHA                                     ; 9           ; Signed Integer      ;
; LPM_WIDTHB                                     ; 9           ; Signed Integer      ;
; LPM_WIDTHP                                     ; 18          ; Signed Integer      ;
; LPM_WIDTHR                                     ; 0           ; Untyped             ;
; LPM_WIDTHS                                     ; 1           ; Signed Integer      ;
; LPM_REPRESENTATION                             ; signed      ; Untyped             ;
; LPM_PIPELINE                                   ; 1           ; Signed Integer      ;
; LATENCY                                        ; 0           ; Untyped             ;
; INPUT_A_IS_CONSTANT                            ; NO          ; Untyped             ;
; INPUT_B_IS_CONSTANT                            ; NO          ; Untyped             ;
; USE_EAB                                        ; OFF         ; Untyped             ;
; MAXIMIZE_SPEED                                 ; 5           ; Untyped             ;
; DEVICE_FAMILY                                  ; Cyclone III ; Untyped             ;
; CARRY_CHAIN                                    ; MANUAL      ; Untyped             ;
; APEX20K_TECHNOLOGY_MAPPER                      ; LUT         ; TECH_MAPPER_APEX20K ;
; DEDICATED_MULTIPLIER_CIRCUITRY                 ; AUTO        ; Untyped             ;
; DEDICATED_MULTIPLIER_MIN_INPUT_WIDTH_FOR_AUTO  ; 0           ; Untyped             ;
; DEDICATED_MULTIPLIER_MIN_OUTPUT_WIDTH_FOR_AUTO ; 0           ; Untyped             ;
; CBXI_PARAMETER                                 ; mult_flo    ; Untyped             ;
; INPUT_A_FIXED_VALUE                            ; Bx          ; Untyped             ;
; INPUT_B_FIXED_VALUE                            ; Bx          ; Untyped             ;
; USE_AHDL_IMPLEMENTATION                        ; OFF         ; Untyped             ;
+------------------------------------------------+-------------+---------------------+
Note: In order to hide this table in the UI and the text report file, please set the "Show Parameter Settings Tables in Synthesis Report" option in "Analysis and Synthesis Settings -> More Settings" to "Off".


+------------------------------------------------------------------------------------+
; Parameter Settings for User Entity Instance: Loadunload:inst|LPM_MULT:r4           ;
+------------------------------------------------+-------------+---------------------+
; Parameter Name                                 ; Value       ; Type                ;
+------------------------------------------------+-------------+---------------------+
; AUTO_CARRY_CHAINS                              ; ON          ; AUTO_CARRY          ;
; IGNORE_CARRY_BUFFERS                           ; OFF         ; IGNORE_CARRY        ;
; AUTO_CASCADE_CHAINS                            ; ON          ; AUTO_CASCADE        ;
; IGNORE_CASCADE_BUFFERS                         ; OFF         ; IGNORE_CASCADE      ;
; LPM_WIDTHA                                     ; 9           ; Signed Integer      ;
; LPM_WIDTHB                                     ; 9           ; Signed Integer      ;
; LPM_WIDTHP                                     ; 18          ; Signed Integer      ;
; LPM_WIDTHR                                     ; 0           ; Untyped             ;
; LPM_WIDTHS                                     ; 1           ; Signed Integer      ;
; LPM_REPRESENTATION                             ; signed      ; Untyped             ;
; LPM_PIPELINE                                   ; 1           ; Signed Integer      ;
; LATENCY                                        ; 0           ; Untyped             ;
; INPUT_A_IS_CONSTANT                            ; NO          ; Untyped             ;
; INPUT_B_IS_CONSTANT                            ; NO          ; Untyped             ;
; USE_EAB                                        ; OFF         ; Untyped             ;
; MAXIMIZE_SPEED                                 ; 5           ; Untyped             ;
; DEVICE_FAMILY                                  ; Cyclone III ; Untyped             ;
; CARRY_CHAIN                                    ; MANUAL      ; Untyped             ;
; APEX20K_TECHNOLOGY_MAPPER                      ; LUT         ; TECH_MAPPER_APEX20K ;
; DEDICATED_MULTIPLIER_CIRCUITRY                 ; AUTO        ; Untyped             ;
; DEDICATED_MULTIPLIER_MIN_INPUT_WIDTH_FOR_AUTO  ; 0           ; Untyped             ;
; DEDICATED_MULTIPLIER_MIN_OUTPUT_WIDTH_FOR_AUTO ; 0           ; Untyped             ;
; CBXI_PARAMETER                                 ; mult_flo    ; Untyped             ;
; INPUT_A_FIXED_VALUE                            ; Bx          ; Untyped             ;
; INPUT_B_FIXED_VALUE                            ; Bx          ; Untyped             ;
; USE_AHDL_IMPLEMENTATION                        ; OFF         ; Untyped             ;
+------------------------------------------------+-------------+---------------------+
Note: In order to hide this table in the UI and the text report file, please set the "Show Parameter Settings Tables in Synthesis Report" option in "Analysis and Synthesis Settings -> More Settings" to "Off".


+------------------------------------------------------------------------------------------------+
; Parameter Settings for User Entity Instance: altsyncram0:inst1|altsyncram:altsyncram_component ;
+------------------------------------+----------------------+------------------------------------+
; Parameter Name                     ; Value                ; Type                               ;
+------------------------------------+----------------------+------------------------------------+
; BYTE_SIZE_BLOCK                    ; 8                    ; Untyped                            ;
; AUTO_CARRY_CHAINS                  ; ON                   ; AUTO_CARRY                         ;
; IGNORE_CARRY_BUFFERS               ; OFF                  ; IGNORE_CARRY                       ;
; AUTO_CASCADE_CHAINS                ; ON                   ; AUTO_CASCADE                       ;
; IGNORE_CASCADE_BUFFERS             ; OFF                  ; IGNORE_CASCADE                     ;
; WIDTH_BYTEENA                      ; 1                    ; Untyped                            ;
; OPERATION_MODE                     ; BIDIR_DUAL_PORT      ; Untyped                            ;
; WIDTH_A                            ; 18                   ; Signed Integer                     ;
; WIDTHAD_A                          ; 5                    ; Signed Integer                     ;
; NUMWORDS_A                         ; 32                   ; Signed Integer                     ;
; OUTDATA_REG_A                      ; UNREGISTERED         ; Untyped                            ;
; ADDRESS_ACLR_A                     ; NONE                 ; Untyped                            ;
; OUTDATA_ACLR_A                     ; NONE                 ; Untyped                            ;
; WRCONTROL_ACLR_A                   ; NONE                 ; Untyped                            ;
; INDATA_ACLR_A                      ; NONE                 ; Untyped                            ;
; BYTEENA_ACLR_A                     ; NONE                 ; Untyped                            ;
; WIDTH_B                            ; 18                   ; Signed Integer                     ;
; WIDTHAD_B                          ; 5                    ; Signed Integer                     ;
; NUMWORDS_B                         ; 32                   ; Signed Integer                     ;
; INDATA_REG_B                       ; CLOCK0               ; Untyped                            ;
; WRCONTROL_WRADDRESS_REG_B          ; CLOCK0               ; Untyped                            ;
; RDCONTROL_REG_B                    ; CLOCK1               ; Untyped                            ;
; ADDRESS_REG_B                      ; CLOCK0               ; Untyped                            ;
; OUTDATA_REG_B                      ; UNREGISTERED         ; Untyped                            ;
; BYTEENA_REG_B                      ; CLOCK1               ; Untyped                            ;
; INDATA_ACLR_B                      ; NONE                 ; Untyped                            ;
; WRCONTROL_ACLR_B                   ; NONE                 ; Untyped                            ;
; ADDRESS_ACLR_B                     ; NONE                 ; Untyped                            ;
; OUTDATA_ACLR_B                     ; NONE                 ; Untyped                            ;
; RDCONTROL_ACLR_B                   ; NONE                 ; Untyped                            ;
; BYTEENA_ACLR_B                     ; NONE                 ; Untyped                            ;
; WIDTH_BYTEENA_A                    ; 1                    ; Signed Integer                     ;
; WIDTH_BYTEENA_B                    ; 1                    ; Signed Integer                     ;
; RAM_BLOCK_TYPE                     ; AUTO                 ; Untyped                            ;
; BYTE_SIZE                          ; 8                    ; Untyped                            ;
; READ_DURING_WRITE_MODE_MIXED_PORTS ; DONT_CARE            ; Untyped                            ;
; READ_DURING_WRITE_MODE_PORT_A      ; NEW_DATA_NO_NBE_READ ; Untyped                            ;
; READ_DURING_WRITE_MODE_PORT_B      ; NEW_DATA_NO_NBE_READ ; Untyped                            ;
; INIT_FILE                          ; UNUSED               ; Untyped                            ;
; INIT_FILE_LAYOUT                   ; PORT_A               ; Untyped                            ;
; MAXIMUM_DEPTH                      ; 0                    ; Untyped                            ;
; CLOCK_ENABLE_INPUT_A               ; BYPASS               ; Untyped                            ;
; CLOCK_ENABLE_INPUT_B               ; BYPASS               ; Untyped                            ;
; CLOCK_ENABLE_OUTPUT_A              ; BYPASS               ; Untyped                            ;
; CLOCK_ENABLE_OUTPUT_B              ; BYPASS               ; Untyped                            ;
; CLOCK_ENABLE_CORE_A                ; USE_INPUT_CLKEN      ; Untyped                            ;
; CLOCK_ENABLE_CORE_B                ; USE_INPUT_CLKEN      ; Untyped                            ;
; ENABLE_ECC                         ; FALSE                ; Untyped                            ;
; DEVICE_FAMILY                      ; Cyclone III          ; Untyped                            ;
; CBXI_PARAMETER                     ; altsyncram_9ah2      ; Untyped                            ;
+------------------------------------+----------------------+------------------------------------+
Note: In order to hide this table in the UI and the text report file, please set the "Show Parameter Settings Tables in Synthesis Report" option in "Analysis and Synthesis Settings -> More Settings" to "Off".


+------------------------------------------------------------------------------------------------+
; Parameter Settings for User Entity Instance: altsyncram0:inst2|altsyncram:altsyncram_component ;
+------------------------------------+----------------------+------------------------------------+
; Parameter Name                     ; Value                ; Type                               ;
+------------------------------------+----------------------+------------------------------------+
; BYTE_SIZE_BLOCK                    ; 8                    ; Untyped                            ;
; AUTO_CARRY_CHAINS                  ; ON                   ; AUTO_CARRY                         ;
; IGNORE_CARRY_BUFFERS               ; OFF                  ; IGNORE_CARRY                       ;
; AUTO_CASCADE_CHAINS                ; ON                   ; AUTO_CASCADE                       ;
; IGNORE_CASCADE_BUFFERS             ; OFF                  ; IGNORE_CASCADE                     ;
; WIDTH_BYTEENA                      ; 1                    ; Untyped                            ;
; OPERATION_MODE                     ; BIDIR_DUAL_PORT      ; Untyped                            ;
; WIDTH_A                            ; 18                   ; Signed Integer                     ;
; WIDTHAD_A                          ; 5                    ; Signed Integer                     ;
; NUMWORDS_A                         ; 32                   ; Signed Integer                     ;
; OUTDATA_REG_A                      ; UNREGISTERED         ; Untyped                            ;
; ADDRESS_ACLR_A                     ; NONE                 ; Untyped                            ;
; OUTDATA_ACLR_A                     ; NONE                 ; Untyped                            ;
; WRCONTROL_ACLR_A                   ; NONE                 ; Untyped                            ;
; INDATA_ACLR_A                      ; NONE                 ; Untyped                            ;
; BYTEENA_ACLR_A                     ; NONE                 ; Untyped                            ;
; WIDTH_B                            ; 18                   ; Signed Integer                     ;
; WIDTHAD_B                          ; 5                    ; Signed Integer                     ;
; NUMWORDS_B                         ; 32                   ; Signed Integer                     ;
; INDATA_REG_B                       ; CLOCK0               ; Untyped                            ;
; WRCONTROL_WRADDRESS_REG_B          ; CLOCK0               ; Untyped                            ;
; RDCONTROL_REG_B                    ; CLOCK1               ; Untyped                            ;
; ADDRESS_REG_B                      ; CLOCK0               ; Untyped                            ;
; OUTDATA_REG_B                      ; UNREGISTERED         ; Untyped                            ;
; BYTEENA_REG_B                      ; CLOCK1               ; Untyped                            ;
; INDATA_ACLR_B                      ; NONE                 ; Untyped                            ;
; WRCONTROL_ACLR_B                   ; NONE                 ; Untyped                            ;
; ADDRESS_ACLR_B                     ; NONE                 ; Untyped                            ;
; OUTDATA_ACLR_B                     ; NONE                 ; Untyped                            ;
; RDCONTROL_ACLR_B                   ; NONE                 ; Untyped                            ;
; BYTEENA_ACLR_B                     ; NONE                 ; Untyped                            ;
; WIDTH_BYTEENA_A                    ; 1                    ; Signed Integer                     ;
; WIDTH_BYTEENA_B                    ; 1                    ; Signed Integer                     ;
; RAM_BLOCK_TYPE                     ; AUTO                 ; Untyped                            ;
; BYTE_SIZE                          ; 8                    ; Untyped                            ;
; READ_DURING_WRITE_MODE_MIXED_PORTS ; DONT_CARE            ; Untyped                            ;
; READ_DURING_WRITE_MODE_PORT_A      ; NEW_DATA_NO_NBE_READ ; Untyped                            ;
; READ_DURING_WRITE_MODE_PORT_B      ; NEW_DATA_NO_NBE_READ ; Untyped                            ;
; INIT_FILE                          ; UNUSED               ; Untyped                            ;
; INIT_FILE_LAYOUT                   ; PORT_A               ; Untyped                            ;
; MAXIMUM_DEPTH                      ; 0                    ; Untyped                            ;
; CLOCK_ENABLE_INPUT_A               ; BYPASS               ; Untyped                            ;
; CLOCK_ENABLE_INPUT_B               ; BYPASS               ; Untyped                            ;
; CLOCK_ENABLE_OUTPUT_A              ; BYPASS               ; Untyped                            ;
; CLOCK_ENABLE_OUTPUT_B              ; BYPASS               ; Untyped                            ;
; CLOCK_ENABLE_CORE_A                ; USE_INPUT_CLKEN      ; Untyped                            ;
; CLOCK_ENABLE_CORE_B                ; USE_INPUT_CLKEN      ; Untyped                            ;
; ENABLE_ECC                         ; FALSE                ; Untyped                            ;
; DEVICE_FAMILY                      ; Cyclone III          ; Untyped                            ;
; CBXI_PARAMETER                     ; altsyncram_9ah2      ; Untyped                            ;
+------------------------------------+----------------------+------------------------------------+
Note: In order to hide this table in the UI and the text report file, please set the "Show Parameter Settings Tables in Synthesis Report" option in "Analysis and Synthesis Settings -> More Settings" to "Off".


+------------------------------------------------------------------------------------------------+
; Parameter Settings for User Entity Instance: altsyncram1:inst3|altsyncram:altsyncram_component ;
+------------------------------------+----------------------+------------------------------------+
; Parameter Name                     ; Value                ; Type                               ;
+------------------------------------+----------------------+------------------------------------+
; BYTE_SIZE_BLOCK                    ; 8                    ; Untyped                            ;
; AUTO_CARRY_CHAINS                  ; ON                   ; AUTO_CARRY                         ;
; IGNORE_CARRY_BUFFERS               ; OFF                  ; IGNORE_CARRY                       ;
; AUTO_CASCADE_CHAINS                ; ON                   ; AUTO_CASCADE                       ;
; IGNORE_CASCADE_BUFFERS             ; OFF                  ; IGNORE_CASCADE                     ;
; WIDTH_BYTEENA                      ; 1                    ; Untyped                            ;
; OPERATION_MODE                     ; ROM                  ; Untyped                            ;
; WIDTH_A                            ; 18                   ; Signed Integer                     ;
; WIDTHAD_A                          ; 4                    ; Signed Integer                     ;
; NUMWORDS_A                         ; 16                   ; Signed Integer                     ;
; OUTDATA_REG_A                      ; CLOCK0               ; Untyped                            ;
; ADDRESS_ACLR_A                     ; NONE                 ; Untyped                            ;
; OUTDATA_ACLR_A                     ; NONE                 ; Untyped                            ;
; WRCONTROL_ACLR_A                   ; NONE                 ; Untyped                            ;
; INDATA_ACLR_A                      ; NONE                 ; Untyped                            ;
; BYTEENA_ACLR_A                     ; NONE                 ; Untyped                            ;
; WIDTH_B                            ; 1                    ; Untyped                            ;
; WIDTHAD_B                          ; 1                    ; Untyped                            ;
; NUMWORDS_B                         ; 1                    ; Untyped                            ;
; INDATA_REG_B                       ; CLOCK1               ; Untyped                            ;
; WRCONTROL_WRADDRESS_REG_B          ; CLOCK1               ; Untyped                            ;
; RDCONTROL_REG_B                    ; CLOCK1               ; Untyped                            ;
; ADDRESS_REG_B                      ; CLOCK1               ; Untyped                            ;
; OUTDATA_REG_B                      ; UNREGISTERED         ; Untyped                            ;
; BYTEENA_REG_B                      ; CLOCK1               ; Untyped                            ;
; INDATA_ACLR_B                      ; NONE                 ; Untyped                            ;
; WRCONTROL_ACLR_B                   ; NONE                 ; Untyped                            ;
; ADDRESS_ACLR_B                     ; NONE                 ; Untyped                            ;
; OUTDATA_ACLR_B                     ; NONE                 ; Untyped                            ;
; RDCONTROL_ACLR_B                   ; NONE                 ; Untyped                            ;
; BYTEENA_ACLR_B                     ; NONE                 ; Untyped                            ;
; WIDTH_BYTEENA_A                    ; 1                    ; Signed Integer                     ;
; WIDTH_BYTEENA_B                    ; 1                    ; Untyped                            ;
; RAM_BLOCK_TYPE                     ; AUTO                 ; Untyped                            ;
; BYTE_SIZE                          ; 8                    ; Untyped                            ;
; READ_DURING_WRITE_MODE_MIXED_PORTS ; DONT_CARE            ; Untyped                            ;
; READ_DURING_WRITE_MODE_PORT_A      ; NEW_DATA_NO_NBE_READ ; Untyped                            ;
; READ_DURING_WRITE_MODE_PORT_B      ; NEW_DATA_NO_NBE_READ ; Untyped                            ;
; INIT_FILE                          ; W32.mif              ; Untyped                            ;
; INIT_FILE_LAYOUT                   ; PORT_A               ; Untyped                            ;
; MAXIMUM_DEPTH                      ; 0                    ; Untyped                            ;
; CLOCK_ENABLE_INPUT_A               ; BYPASS               ; Untyped                            ;
; CLOCK_ENABLE_INPUT_B               ; NORMAL               ; Untyped                            ;
; CLOCK_ENABLE_OUTPUT_A              ; BYPASS               ; Untyped                            ;
; CLOCK_ENABLE_OUTPUT_B              ; NORMAL               ; Untyped                            ;
; CLOCK_ENABLE_CORE_A                ; USE_INPUT_CLKEN      ; Untyped                            ;
; CLOCK_ENABLE_CORE_B                ; USE_INPUT_CLKEN      ; Untyped                            ;
; ENABLE_ECC                         ; FALSE                ; Untyped                            ;
; DEVICE_FAMILY                      ; Cyclone III          ; Untyped                            ;
; CBXI_PARAMETER                     ; altsyncram_7p91      ; Untyped                            ;
+------------------------------------+----------------------+------------------------------------+
Note: In order to hide this table in the UI and the text report file, please set the "Show Parameter Settings Tables in Synthesis Report" option in "Analysis and Synthesis Settings -> More Settings" to "Off".


+---------------------------------------------------------------------+
; lpm_mult Parameter Settings by Entity Instance                      ;
+---------------------------------------+-----------------------------+
; Name                                  ; Value                       ;
+---------------------------------------+-----------------------------+
; Number of entity instances            ; 4                           ;
; Entity Instance                       ; Loadunload:inst|LPM_MULT:r1 ;
;     -- LPM_WIDTHA                     ; 9                           ;
;     -- LPM_WIDTHB                     ; 9                           ;
;     -- LPM_WIDTHP                     ; 18                          ;
;     -- LPM_REPRESENTATION             ; signed                      ;
;     -- INPUT_A_IS_CONSTANT            ; NO                          ;
;     -- INPUT_B_IS_CONSTANT            ; NO                          ;
;     -- USE_EAB                        ; OFF                         ;
;     -- DEDICATED_MULTIPLIER_CIRCUITRY ; AUTO                        ;
;     -- INPUT_A_FIXED_VALUE            ; Bx                          ;
;     -- INPUT_B_FIXED_VALUE            ; Bx                          ;
; Entity Instance                       ; Loadunload:inst|LPM_MULT:r2 ;
;     -- LPM_WIDTHA                     ; 9                           ;
;     -- LPM_WIDTHB                     ; 9                           ;
;     -- LPM_WIDTHP                     ; 18                          ;
;     -- LPM_REPRESENTATION             ; signed                      ;
;     -- INPUT_A_IS_CONSTANT            ; NO                          ;
;     -- INPUT_B_IS_CONSTANT            ; NO                          ;
;     -- USE_EAB                        ; OFF                         ;
;     -- DEDICATED_MULTIPLIER_CIRCUITRY ; AUTO                        ;
;     -- INPUT_A_FIXED_VALUE            ; Bx                          ;
;     -- INPUT_B_FIXED_VALUE            ; Bx                          ;
; Entity Instance                       ; Loadunload:inst|LPM_MULT:r3 ;
;     -- LPM_WIDTHA                     ; 9                           ;
;     -- LPM_WIDTHB                     ; 9                           ;
;     -- LPM_WIDTHP                     ; 18                          ;
;     -- LPM_REPRESENTATION             ; signed                      ;
;     -- INPUT_A_IS_CONSTANT            ; NO                          ;
;     -- INPUT_B_IS_CONSTANT            ; NO                          ;
;     -- USE_EAB                        ; OFF                         ;
;     -- DEDICATED_MULTIPLIER_CIRCUITRY ; AUTO                        ;
;     -- INPUT_A_FIXED_VALUE            ; Bx                          ;
;     -- INPUT_B_FIXED_VALUE            ; Bx                          ;
; Entity Instance                       ; Loadunload:inst|LPM_MULT:r4 ;
;     -- LPM_WIDTHA                     ; 9                           ;
;     -- LPM_WIDTHB                     ; 9                           ;
;     -- LPM_WIDTHP                     ; 18                          ;
;     -- LPM_REPRESENTATION             ; signed                      ;
;     -- INPUT_A_IS_CONSTANT            ; NO                          ;
;     -- INPUT_B_IS_CONSTANT            ; NO                          ;
;     -- USE_EAB                        ; OFF                         ;
;     -- DEDICATED_MULTIPLIER_CIRCUITRY ; AUTO                        ;
;     -- INPUT_A_FIXED_VALUE            ; Bx                          ;
;     -- INPUT_B_FIXED_VALUE            ; Bx                          ;
+---------------------------------------+-----------------------------+


+-----------------------------------------------------------------------------------------------+
; altsyncram Parameter Settings by Entity Instance                                              ;
+-------------------------------------------+---------------------------------------------------+
; Name                                      ; Value                                             ;
+-------------------------------------------+---------------------------------------------------+
; Number of entity instances                ; 3                                                 ;
; Entity Instance                           ; altsyncram0:inst1|altsyncram:altsyncram_component ;
;     -- OPERATION_MODE                     ; BIDIR_DUAL_PORT                                   ;
;     -- WIDTH_A                            ; 18                                                ;
;     -- NUMWORDS_A                         ; 32                                                ;
;     -- OUTDATA_REG_A                      ; UNREGISTERED                                      ;
;     -- WIDTH_B                            ; 18                                                ;
;     -- NUMWORDS_B                         ; 32                                                ;
;     -- ADDRESS_REG_B                      ; CLOCK0                                            ;
;     -- OUTDATA_REG_B                      ; UNREGISTERED                                      ;
;     -- RAM_BLOCK_TYPE                     ; AUTO                                              ;
;     -- READ_DURING_WRITE_MODE_MIXED_PORTS ; DONT_CARE                                         ;
; Entity Instance                           ; altsyncram0:inst2|altsyncram:altsyncram_component ;
;     -- OPERATION_MODE                     ; BIDIR_DUAL_PORT                                   ;
;     -- WIDTH_A                            ; 18                                                ;
;     -- NUMWORDS_A                         ; 32                                                ;
;     -- OUTDATA_REG_A                      ; UNREGISTERED                                      ;
;     -- WIDTH_B                            ; 18                                                ;
;     -- NUMWORDS_B                         ; 32                                                ;
;     -- ADDRESS_REG_B                      ; CLOCK0                                            ;
;     -- OUTDATA_REG_B                      ; UNREGISTERED                                      ;
;     -- RAM_BLOCK_TYPE                     ; AUTO                                              ;
;     -- READ_DURING_WRITE_MODE_MIXED_PORTS ; DONT_CARE                                         ;
; Entity Instance                           ; altsyncram1:inst3|altsyncram:altsyncram_component ;
;     -- OPERATION_MODE                     ; ROM                                               ;
;     -- WIDTH_A                            ; 18                                                ;
;     -- NUMWORDS_A                         ; 16                                                ;
;     -- OUTDATA_REG_A                      ; CLOCK0                                            ;
;     -- WIDTH_B                            ; 1                                                 ;
;     -- NUMWORDS_B                         ; 1                                                 ;
;     -- ADDRESS_REG_B                      ; CLOCK1                                            ;
;     -- OUTDATA_REG_B                      ; UNREGISTERED                                      ;
;     -- RAM_BLOCK_TYPE                     ; AUTO                                              ;
;     -- READ_DURING_WRITE_MODE_MIXED_PORTS ; DONT_CARE                                         ;
+-------------------------------------------+---------------------------------------------------+


+-------------------------------+
; Analysis & Synthesis Messages ;
+-------------------------------+
Info: *******************************************************************
Info: Running Quartus II Analysis & Synthesis
    Info: Version 9.0 Build 132 02/25/2009 SJ Web Edition
    Info: Processing started: Tue Jan 28 05:16:38 2025
Info: Command: quartus_map --read_settings_files=on --write_settings_files=off FFT_engine -c FFT_engine
Info: Found 2 design units, including 1 entities, in source file Loadunload.vhd
    Info: Found design unit 1: LoadUnload-a
    Info: Found entity 1: Loadunload
Info: Found 1 design units, including 1 entities, in source file FFT_engine.bdf
    Info: Found entity 1: FFT_engine
Info: Found 2 design units, including 1 entities, in source file altsyncram0.vhd
    Info: Found design unit 1: altsyncram0-SYN
    Info: Found entity 1: altsyncram0
Info: Found 2 design units, including 1 entities, in source file altsyncram1.vhd
    Info: Found design unit 1: altsyncram1-SYN
    Info: Found entity 1: altsyncram1
Info: Elaborating entity "FFT_engine" for the top level hierarchy
Info: Elaborating entity "Loadunload" for hierarchy "Loadunload:inst"
Info: Elaborating entity "LPM_MULT" for hierarchy "Loadunload:inst|LPM_MULT:r1"
Info: Elaborated megafunction instantiation "Loadunload:inst|LPM_MULT:r1"
Info: Instantiated megafunction "Loadunload:inst|LPM_MULT:r1" with the following parameter:
    Info: Parameter "LPM_WIDTHA" = "9"
    Info: Parameter "LPM_WIDTHB" = "9"
    Info: Parameter "LPM_WIDTHS" = "1"
    Info: Parameter "LPM_WIDTHP" = "18"
    Info: Parameter "LPM_REPRESENTATION" = "signed"
    Info: Parameter "LPM_PIPELINE" = "1"
    Info: Parameter "LPM_TYPE" = "LPM_MULT"
    Info: Parameter "LPM_HINT" = "UNUSED"
Info: Found 1 design units, including 1 entities, in source file db/mult_flo.tdf
    Info: Found entity 1: mult_flo
Info: Elaborating entity "mult_flo" for hierarchy "Loadunload:inst|LPM_MULT:r1|mult_flo:auto_generated"
Info: Elaborating entity "altsyncram0" for hierarchy "altsyncram0:inst1"
Info: Elaborating entity "altsyncram" for hierarchy "altsyncram0:inst1|altsyncram:altsyncram_component"
Info: Elaborated megafunction instantiation "altsyncram0:inst1|altsyncram:altsyncram_component"
Info: Instantiated megafunction "altsyncram0:inst1|altsyncram:altsyncram_component" with the following parameter:
    Info: Parameter "address_reg_b" = "CLOCK0"
    Info: Parameter "clock_enable_input_a" = "BYPASS"
    Info: Parameter "clock_enable_input_b" = "BYPASS"
    Info: Parameter "clock_enable_output_a" = "BYPASS"
    Info: Parameter "clock_enable_output_b" = "BYPASS"
    Info: Parameter "indata_reg_b" = "CLOCK0"
    Info: Parameter "intended_device_family" = "Cyclone III"
    Info: Parameter "lpm_type" = "altsyncram"
    Info: Parameter "numwords_a" = "32"
    Info: Parameter "numwords_b" = "32"
    Info: Parameter "operation_mode" = "BIDIR_DUAL_PORT"
    Info: Parameter "outdata_aclr_a" = "NONE"
    Info: Parameter "outdata_aclr_b" = "NONE"
    Info: Parameter "outdata_reg_a" = "UNREGISTERED"
    Info: Parameter "outdata_reg_b" = "UNREGISTERED"
    Info: Parameter "power_up_uninitialized" = "FALSE"
    Info: Parameter "read_during_write_mode_mixed_ports" = "DONT_CARE"
    Info: Parameter "read_during_write_mode_port_a" = "NEW_DATA_NO_NBE_READ"
    Info: Parameter "read_during_write_mode_port_b" = "NEW_DATA_NO_NBE_READ"
    Info: Parameter "widthad_a" = "5"
    Info: Parameter "widthad_b" = "5"
    Info: Parameter "width_a" = "18"
    Info: Parameter "width_b" = "18"
    Info: Parameter "width_byteena_a" = "1"
    Info: Parameter "width_byteena_b" = "1"
    Info: Parameter "wrcontrol_wraddress_reg_b" = "CLOCK0"
Info: Found 1 design units, including 1 entities, in source file db/altsyncram_9ah2.tdf
    Info: Found entity 1: altsyncram_9ah2
Info: Elaborating entity "altsyncram_9ah2" for hierarchy "altsyncram0:inst1|altsyncram:altsyncram_component|altsyncram_9ah2:auto_generated"
Info: Elaborating entity "altsyncram1" for hierarchy "altsyncram1:inst3"
Info: Elaborating entity "altsyncram" for hierarchy "altsyncram1:inst3|altsyncram:altsyncram_component"
Info: Elaborated megafunction instantiation "altsyncram1:inst3|altsyncram:altsyncram_component"
Info: Instantiated megafunction "altsyncram1:inst3|altsyncram:altsyncram_component" with the following parameter:
    Info: Parameter "clock_enable_input_a" = "BYPASS"
    Info: Parameter "clock_enable_output_a" = "BYPASS"
    Info: Parameter "init_file" = "W32.mif"
    Info: Parameter "intended_device_family" = "Cyclone III"
    Info: Parameter "lpm_hint" = "ENABLE_RUNTIME_MOD=NO"
    Info: Parameter "lpm_type" = "altsyncram"
    Info: Parameter "numwords_a" = "16"
    Info: Parameter "operation_mode" = "ROM"
    Info: Parameter "outdata_aclr_a" = "NONE"
    Info: Parameter "outdata_reg_a" = "CLOCK0"
    Info: Parameter "power_up_uninitialized" = "FALSE"
    Info: Parameter "widthad_a" = "4"
    Info: Parameter "width_a" = "18"
    Info: Parameter "width_byteena_a" = "1"
Info: Found 1 design units, including 1 entities, in source file db/altsyncram_7p91.tdf
    Info: Found entity 1: altsyncram_7p91
Info: Elaborating entity "altsyncram_7p91" for hierarchy "altsyncram1:inst3|altsyncram:altsyncram_component|altsyncram_7p91:auto_generated"
Info: Implemented 510 device resources after synthesis - the final resource count might be different
    Info: Implemented 31 input pins
    Info: Implemented 20 output pins
    Info: Implemented 401 logic cells
    Info: Implemented 54 RAM segments
    Info: Implemented 4 DSP elements
Info: Quartus II Analysis & Synthesis was successful. 0 errors, 0 warnings
    Info: Peak virtual memory: 268 megabytes
    Info: Processing ended: Tue Jan 28 05:16:42 2025
    Info: Elapsed time: 00:00:04
    Info: Total CPU time (on all processors): 00:00:03


