Flow report for FFT_engine
Tue Jan 28 05:16:55 2025
Quartus II Version 9.0 Build 132 02/25/2009 SJ Web Edition


---------------------
; Table of Contents ;
---------------------
  1. Legal Notice
  2. Flow Summary
  3. Flow Settings
  4. Flow Non-Default Global Settings
  5. Flow Elapsed Time
  6. Flow OS Summary
  7. Flow Log



----------------
; Legal Notice ;
----------------
Copyright (C) 1991-2009 Altera Corporation
Your use of Altera Corporation's design tools, logic functions 
and other software and tools, and its AMPP partner logic 
functions, and any output files from any of the foregoing 
(including device programming or simulation files), and any 
associated documentation or information are expressly subject 
to the terms and conditions of the Altera Program License 
Subscription Agreement, Altera MegaCore Function License 
Agreement, or other applicable license agreement, including, 
without limitation, that your use is for the sole purpose of 
programming logic devices manufactured by Altera and sold by 
Altera or its authorized distributors.  Please refer to the 
applicable agreement for further details.



+------------------------------------------------------------------------------+
; Flow Summary                                                                 ;
+------------------------------------+-----------------------------------------+
; Flow Status                        ; Successful - Tue Jan 28 05:16:55 2025   ;
; Quartus II Version                 ; 9.0 Build 132 02/25/2009 SJ Web Edition ;
; Revision Name                      ; FFT_engine                              ;
; Top-level Entity Name              ; FFT_engine                              ;
; Family                             ; Cyclone III                             ;
; Device                             ; EP3C25E144I7                            ;
; Timing Models                      ; Final                                   ;
; Met timing requirements            ; Yes                                     ;
; Total logic elements               ; 398 / 24,624 ( 2 % )                    ;
;     Total combinational functions  ; 175 / 24,624 ( < 1 % )                  ;
;     Dedicated logic registers      ; 364 / 24,624 ( 1 % )                    ;
; Total registers                    ; 364                                     ;
; Total pins                         ; 51 / 83 ( 61 % )                        ;
; Total virtual pins                 ; 0                                       ;
; Total memory bits                  ; 1,440 / 608,256 ( < 1 % )               ;
; Embedded Multiplier 9-bit elements ; 4 / 132 ( 3 % )                         ;
; Total PLLs                         ; 0 / 4 ( 0 % )                           ;
+------------------------------------+-----------------------------------------+


+-----------------------------------------+
; Flow Settings                           ;
+-------------------+---------------------+
; Option            ; Setting             ;
+-------------------+---------------------+
; Start date & time ; 01/28/2025 05:16:40 ;
; Main task         ; Compilation         ;
; Revision Name     ; FFT_engine          ;
+-------------------+---------------------+


+---------------------------------------------------------------------------------------------------------------------+
; Flow Non-Default Global Settings                                                                                    ;
+------------------------------------+---------------------------------+---------------+-------------+----------------+
; Assignment Name                    ; Value                           ; Default Value ; Entity Name ; Section Id     ;
+------------------------------------+---------------------------------+---------------+-------------+----------------+
; COMPILER_SIGNATURE_ID              ; 230987909596466.173807020029184 ; --            ; --          ; --             ;
; IP_TOOL_NAME                       ; ALTSYNCRAM                      ; --            ; --          ; --             ;
; IP_TOOL_NAME                       ; ALTSYNCRAM                      ; --            ; --          ; --             ;
; IP_TOOL_VERSION                    ; 9.0                             ; --            ; --          ; --             ;
; IP_TOOL_VERSION                    ; 9.0                             ; --            ; --          ; --             ;
; MAX_CORE_JUNCTION_TEMP             ; 100                             ; --            ; --          ; --             ;
; MIN_CORE_JUNCTION_TEMP             ; -40                             ; --            ; --          ; --             ;
; MISC_FILE                          ; altsyncram0.bsf                 ; --            ; --          ; --             ;
; MISC_FILE                          ; altsyncram0.cmp                 ; --            ; --          ; --             ;
; MISC_FILE                          ; altsyncram1.bsf                 ; --            ; --          ; --             ;
; MISC_FILE                          ; altsyncram1.cmp                 ; --            ; --          ; --             ;
; NOMINAL_CORE_SUPPLY_VOLTAGE        ; 1.2V                            ; --            ; --          ; --             ;
; PARTITION_COLOR                    ; 16764057                        ; --            ; --          ; Top            ;
; PARTITION_NETLIST_TYPE             ; SOURCE                          ; --            ; --          ; Top            ;
; USE_GENERATED_PHYSICAL_CONSTRAINTS ; Off                             ; --            ; --          ; eda_blast_fpga ;
; USE_TIMEQUEST_TIMING_ANALYZER      ; Off                             ; On            ; --          ; --             ;
+------------------------------------+---------------------------------+---------------+-------------+----------------+


+-----------------------------------------------------------------------------------------------------------------------------+
; Flow Elapsed Time                                                                                                           ;
+-------------------------+--------------+-------------------------+---------------------+------------------------------------+
; Module Name             ; Elapsed Time ; Average Processors Used ; Peak Virtual Memory ; Total CPU Time (on all processors) ;
+-------------------------+--------------+-------------------------+---------------------+------------------------------------+
; Analysis & Synthesis    ; 00:00:03     ; 1.0                     ; 268 MB              ; 00:00:03                           ;
; Fitter                  ; 00:00:06     ; 1.0                     ; 309 MB              ; 00:00:06                           ;
; Assembler               ; 00:00:03     ; 1.0                     ; 270 MB              ; 00:00:03                           ;
; Classic Timing Analyzer ; 00:00:02     ; 1.0                     ; 204 MB              ; 00:00:02                           ;
; Total                   ; 00:00:14     ; --                      ; --                  ; 00:00:14                           ;
+-------------------------+--------------+-------------------------+---------------------+------------------------------------+


+------------------------------------------------------------------------------------------+
; Flow OS Summary                                                                          ;
+-------------------------+------------------+---------------+------------+----------------+
; Module Name             ; Machine Hostname ; OS Name       ; OS Version ; Processor type ;
+-------------------------+------------------+---------------+------------+----------------+
; Analysis & Synthesis    ; DESKTOP-PBT4PU6  ; Windows Vista ; 6.2        ; x86_64         ;
; Fitter                  ; DESKTOP-PBT4PU6  ; Windows Vista ; 6.2        ; x86_64         ;
; Assembler               ; DESKTOP-PBT4PU6  ; Windows Vista ; 6.2        ; x86_64         ;
; Classic Timing Analyzer ; DESKTOP-PBT4PU6  ; Windows Vista ; 6.2        ; x86_64         ;
+-------------------------+------------------+---------------+------------+----------------+


------------
; Flow Log ;
------------
quartus_map --read_settings_files=on --write_settings_files=off FFT_engine -c FFT_engine
quartus_fit --read_settings_files=off --write_settings_files=off FFT_engine -c FFT_engine
quartus_asm --read_settings_files=off --write_settings_files=off FFT_engine -c FFT_engine
quartus_tan --read_settings_files=off --write_settings_files=off FFT_engine -c FFT_engine --timing_analysis_only



